<?xml version="1.0" encoding="UTF-8"?>
<!-- Generated by org.testng.reporters.JUnitReportReporter -->
<testsuite hostname="DESKTOP-SBA9KVG" failures="0" tests="1" name="test.TestBatches" time="18.330" errors="0" timestamp="01 Jul 2022 12:12:57 GMT" skipped="0">
  <testcase classname="test.TestBatches" name="TestBatch1" time="18.330"/>
</testsuite> <!-- test.TestBatches -->
